[2025-06-23 11:40:06,108] INFO: Image converted: C:\Users\prita\Downloads\image_test.png \u2192 outputs\pdfs\image_test.pdf
[2025-06-23 11:40:13,123] INFO: Deep scan report saved: outputs\reports\image_test.png_report.pdf
[2025-06-23 11:40:13,186] INFO: JSON exported: outputs\json\image_test.png_report.json
[2025-06-23 11:47:48,039] INFO: Deep scan report saved: outputs\reports\image_test.png_report.pdf
[2025-06-23 11:47:48,041] INFO: JSON exported: outputs\json\image_test.png_report.json
[2025-06-23 11:52:32,118] INFO: Deep scan report saved: outputs\reports\image_test.png_report.pdf
[2025-06-23 11:52:32,119] INFO: JSON exported: outputs\json\image_test.png_report.json
[2025-06-23 12:03:33,041] INFO: Scan report saved: outputs\reports\image_test.png_report.pdf
[2025-06-23 12:03:33,044] INFO: JSON exported: outputs\json\image_test.png_report.json
[2025-06-23 12:08:07,252] INFO: Scan report saved: outputs\reports\image_test.png_report.pdf
[2025-06-23 12:08:07,253] INFO: JSON exported: outputs\json\image_test.png_report.json
[2025-06-23 12:15:45,008] INFO: Scan report saved: outputs\reports\image_test.png_report.pdf
[2025-06-23 12:15:45,009] INFO: JSON exported: outputs\json\image_test.png_report.json
[2025-06-23 12:19:26,257] INFO: Scan report saved: outputs\reports\image_test.png_report.pdf
[2025-06-23 12:19:26,259] INFO: JSON exported: outputs\json\image_test.png_report.json
[2025-06-23 12:22:35,183] INFO: Scan report saved: outputs\reports\image_test.png_report.pdf
[2025-06-23 12:22:35,184] INFO: JSON exported: outputs\json\image_test.png_report.json
[2025-06-23 12:23:54,058] INFO: Scan report saved: outputs\reports\image_test.png_report.pdf
[2025-06-23 12:23:54,060] INFO: JSON exported: outputs\json\image_test.png_report.json
[2025-06-23 12:24:15,716] INFO: Scan report saved: outputs\reports\image_test.png_report.pdf
[2025-06-23 12:24:15,718] INFO: JSON exported: outputs\json\image_test.png_report.json
[2025-06-23 12:28:14,795] INFO: Scan report saved: outputs\reports\image_test.png_report.pdf
[2025-06-23 12:28:14,796] INFO: JSON exported: outputs\json\image_test.png_report.json
[2025-06-23 12:28:42,781] INFO: Image converted: outputs\pdfs\image_test.pdf
[2025-06-23 12:30:56,767] INFO: Scan report saved: outputs\reports\image_test.png_report.pdf
[2025-06-23 12:30:56,768] INFO: JSON exported: outputs\json\image_test.png_report.json
[2025-06-23 13:32:06,865] INFO: Scan report saved: outputs\reports\image_test.png_report.pdf
[2025-06-23 13:32:06,866] INFO: JSON exported: outputs\json\image_test.png_report.json
[2025-06-23 14:22:58,544] INFO: Scan report saved: outputs\reports\image_test.png_report.pdf
[2025-06-23 14:22:58,545] INFO: JSON exported: outputs\json\image_test.png_report.json
[2025-06-23 14:32:53,318] INFO: Scan report saved: outputs\reports\image_test.png_report.pdf
[2025-06-23 14:32:53,319] INFO: JSON exported: outputs\json\image_test.png_report.json
[2025-06-23 14:36:24,958] INFO: Scan report saved: outputs\reports\image_test.png_report.pdf
[2025-06-23 14:36:24,959] INFO: JSON exported: outputs\json\image_test.png_report.json
[2025-06-23 14:41:40,564] INFO: Scan report saved: outputs\reports\image_test.png_report.pdf
[2025-06-23 14:41:40,565] INFO: JSON exported: outputs\json\image_test.png_report.json
[2025-06-23 14:44:42,867] INFO: Scan report saved: outputs\reports\image_test.png_report.pdf
[2025-06-23 14:44:42,868] INFO: JSON exported: outputs\json\image_test.png_report.json
[2025-06-23 14:52:31,648] INFO: Scan report saved: outputs\reports\image_test.png_report.pdf
[2025-06-23 14:52:31,649] INFO: JSON exported: outputs\json\image_test.png_report.json
